<?xml version="1.0" encoding="UTF-8"?>
<testsuite name="org.iitrpr.academicSystemTest" tests="1" skipped="0" failures="0" errors="0" timestamp="2023-03-08T18:02:47" hostname="mohit-HP-Pavilion-Laptop-14-dv2xxx" time="0.02">
  <properties/>
  <testcase name="main()" classname="org.iitrpr.academicSystemTest" time="0.02"/>
  <system-out><![CDATA[]]></system-out>
  <system-err><![CDATA[]]></system-err>
</testsuite>
