<?xml version="1.0" encoding="UTF-8"?>
<testsuite name="org.iitrpr.authenticationTest" tests="3" skipped="0" failures="0" errors="0" timestamp="2023-03-08T18:02:47" hostname="mohit-HP-Pavilion-Laptop-14-dv2xxx" time="0.059">
  <properties/>
  <testcase name="loginTest1()" classname="org.iitrpr.authenticationTest" time="0.01"/>
  <testcase name="loginTest2()" classname="org.iitrpr.authenticationTest" time="0.008"/>
  <testcase name="loginTest3()" classname="org.iitrpr.authenticationTest" time="0.003"/>
  <system-out><![CDATA[]]></system-out>
  <system-err><![CDATA[]]></system-err>
</testsuite>
