<?xml version="1.0" encoding="UTF-8"?>
<testsuite name="org.iitrpr.instructorTest" tests="5" skipped="0" failures="0" errors="0" timestamp="2023-03-08T18:02:47" hostname="mohit-HP-Pavilion-Laptop-14-dv2xxx" time="0.124">
  <properties/>
  <testcase name="coursesOffered()" classname="org.iitrpr.instructorTest" time="0.003"/>
  <testcase name="dRegisterCourse()" classname="org.iitrpr.instructorTest" time="0.001"/>
  <testcase name="updateGrades()" classname="org.iitrpr.instructorTest" time="0.004"/>
  <testcase name="registerCourse()" classname="org.iitrpr.instructorTest" time="0.018"/>
  <testcase name="viewGrades()" classname="org.iitrpr.instructorTest" time="0.004"/>
  <system-out><![CDATA[]]></system-out>
  <system-err><![CDATA[]]></system-err>
</testsuite>
