<?xml version="1.0" encoding="UTF-8"?>
<testsuite name="org.iitrpr.academicOfficeTest" tests="7" skipped="0" failures="0" errors="0" timestamp="2023-03-08T18:02:47" hostname="mohit-HP-Pavilion-Laptop-14-dv2xxx" time="0.214">
  <properties/>
  <testcase name="viewGradesAll()" classname="org.iitrpr.academicOfficeTest" time="0.005"/>
  <testcase name="generateTranscripts()" classname="org.iitrpr.academicOfficeTest" time="0.029"/>
  <testcase name="addNewCourse()" classname="org.iitrpr.academicOfficeTest" time="0.018"/>
  <testcase name="isGraduated()" classname="org.iitrpr.academicOfficeTest" time="0.007"/>
  <testcase name="addStudent()" classname="org.iitrpr.academicOfficeTest" time="0.009"/>
  <testcase name="startNewSemester()" classname="org.iitrpr.academicOfficeTest" time="0.001"/>
  <testcase name="setEvent()" classname="org.iitrpr.academicOfficeTest" time="0.005"/>
  <system-out><![CDATA[]]></system-out>
  <system-err><![CDATA[]]></system-err>
</testsuite>
